# JRE version: OpenJDK Runtime Environment Temurin-21.0.10+7 (21.0.10+7) (build 21.0.10+7-LTS)
# Java VM: OpenJDK 64-Bit Server VM Temurin-21.0.10+7 (21.0.10+7-LTS, mixed mode, sharing, tiered, compressed oops, compressed class ptrs, parallel gc, windows-amd64)
GC Precious Log:
 CardTable entry size: 512
 CPUs: 4 total, 4 available
 Memory: 8070M
 Large Page Support: Disabled
 NUMA Support: Disabled
 Compressed Oops: Enabled (32-bit)
 Alignments: Space 512K, Generation 512K, Heap 2M
 Heap Min Capacity: 100M
 Heap Initial Capacity: 100M
 Heap Max Capacity: 2G
 Pre-touch: Disabled
 Parallel Workers: 4
Heap:
 PSYoungGen      total 2048K, used 999K [0x00000000d5580000, 0x00000000d5900000, 0x0000000100000000)
  eden space 1536K, 44% used [0x00000000d5580000,0x00000000d5629e88,0x00000000d5700000)
  from space 512K, 62% used [0x00000000d5780000,0x00000000d57d0000,0x00000000d5800000)
  to   space 1024K, 0% used [0x00000000d5800000,0x00000000d5800000,0x00000000d5900000)
 ParOldGen       total 211968K, used 165171K [0x0000000080000000, 0x000000008cf00000, 0x00000000d5580000)
  object space 211968K, 77% used [0x0000000080000000,0x000000008a14cd50,0x000000008cf00000)
 Metaspace       used 75398K, committed 76864K, reserved 1179648K
  class space    used 7702K, committed 8320K, reserved 1048576K
GC Heap History (20 events):
Event: 36643.594 GC heap before
{Heap before GC invocations=478 (full 4):
 PSYoungGen      total 2560K, used 2368K [0x00000000d5580000, 0x00000000d5900000, 0x0000000100000000)
  eden space 2048K, 100% used [0x00000000d5580000,0x00000000d5780000,0x00000000d5780000)
  from space 512K, 62% used [0x00000000d5800000,0x00000000d5850040,0x00000000d5880000)
  to   space 512K, 0% used [0x00000000d5880000,0x00000000d5880000,0x00000000d5900000)
 ParOldGen       total 211968K, used 157386K [0x0000000080000000, 0x000000008cf00000, 0x00000000d5580000)
  object space 211968K, 74% used [0x0000000080000000,0x00000000899b29a0,0x000000008cf00000)
 Metaspace       used 75219K, committed 76736K, reserved 1179648K
  class space    used 7671K, committed 8320K, reserved 1048576K
}
Event: 36643.789 GC heap after
{Heap after GC invocations=478 (full 4):
 PSYoungGen      total 2560K, used 224K [0x00000000d5580000, 0x00000000d5900000, 0x0000000100000000)
  eden space 2048K, 0% used [0x00000000d5580000,0x00000000d5580000,0x00000000d5780000)
  from space 512K, 43% used [0x00000000d5880000,0x00000000d58b8020,0x00000000d5900000)
  to   space 512K, 0% used [0x00000000d5800000,0x00000000d5800000,0x00000000d5880000)
 ParOldGen       total 211968K, used 157510K [0x0000000080000000, 0x000000008cf00000, 0x00000000d5580000)
  object space 211968K, 74% used [0x0000000080000000,0x00000000899d19b0,0x000000008cf00000)
 Metaspace       used 75219K, committed 76736K, reserved 1179648K
  class space    used 7671K, committed 8320K, reserved 1048576K
}
Event: 36644.925 GC heap before
{Heap before GC invocations=479 (full 4):
 PSYoungGen      total 2560K, used 2272K [0x00000000d5580000, 0x00000000d5900000, 0x0000000100000000)
  eden space 2048K, 100% used [0x00000000d5580000,0x00000000d5780000,0x00000000d5780000)
  from space 512K, 43% used [0x00000000d5880000,0x00000000d58b8020,0x00000000d5900000)
  to   space 512K, 0% used [0x00000000d5800000,0x00000000d5800000,0x00000000d5880000)
 ParOldGen       total 211968K, used 157510K [0x0000000080000000, 0x000000008cf00000, 0x00000000d5580000)
  object space 211968K, 74% used [0x0000000080000000,0x00000000899d19b0,0x000000008cf00000)
 Metaspace       used 75304K, committed 76800K, reserved 1179648K
  class space    used 7682K, committed 8320K, reserved 1048576K
}
Event: 36644.929 GC heap after
{Heap after GC invocations=479 (full 4):
 PSYoungGen      total 2560K, used 314K [0x00000000d5580000, 0x00000000d5900000, 0x0000000100000000)
  eden space 2048K, 0% used [0x00000000d5580000,0x00000000d5580000,0x00000000d5780000)
  from space 512K, 61% used [0x00000000d5800000,0x00000000d584e900,0x00000000d5880000)
  to   space 512K, 0% used [0x00000000d5880000,0x00000000d5880000,0x00000000d5900000)
 ParOldGen       total 211968K, used 157662K [0x0000000080000000, 0x000000008cf00000, 0x00000000d5580000)
  object space 211968K, 74% used [0x0000000080000000,0x00000000899f79d0,0x000000008cf00000)
 Metaspace       used 75304K, committed 76800K, reserved 1179648K
  class space    used 7682K, committed 8320K, reserved 1048576K
}
Event: 36645.062 GC heap before
{Heap before GC invocations=480 (full 4):
 PSYoungGen      total 2560K, used 2362K [0x00000000d5580000, 0x00000000d5900000, 0x0000000100000000)
  eden space 2048K, 100% used [0x00000000d5580000,0x00000000d5780000,0x00000000d5780000)
  from space 512K, 61% used [0x00000000d5800000,0x00000000d584e900,0x00000000d5880000)
  to   space 512K, 0% used [0x00000000d5880000,0x00000000d5880000,0x00000000d5900000)
 ParOldGen       total 211968K, used 157662K [0x0000000080000000, 0x000000008cf00000, 0x00000000d5580000)
  object space 211968K, 74% used [0x0000000080000000,0x00000000899f79d0,0x000000008cf00000)
 Metaspace       used 75305K, committed 76800K, reserved 1179648K
  class space    used 7682K, committed 8320K, reserved 1048576K
}
Event: 36645.070 GC heap after
{Heap after GC invocations=480 (full 4):
 PSYoungGen      total 2048K, used 486K [0x00000000d5580000, 0x00000000d5a80000, 0x0000000100000000)
  eden space 1536K, 0% used [0x00000000d5580000,0x00000000d5580000,0x00000000d5700000)
  from space 512K, 95% used [0x00000000d5880000,0x00000000d58f9b28,0x00000000d5900000)
  to   space 1536K, 0% used [0x00000000d5700000,0x00000000d5700000,0x00000000d5880000)
 ParOldGen       total 211968K, used 158135K [0x0000000080000000, 0x000000008cf00000, 0x00000000d5580000)
  object space 211968K, 74% used [0x0000000080000000,0x0000000089a6ddd0,0x000000008cf00000)
 Metaspace       used 75305K, committed 76800K, reserved 1179648K
  class space    used 7682K, committed 8320K, reserved 1048576K
}
Event: 36645.280 GC heap before
{Heap before GC invocations=481 (full 4):
 PSYoungGen      total 2048K, used 1976K [0x00000000d5580000, 0x00000000d5a80000, 0x0000000100000000)
  eden space 1536K, 96% used [0x00000000d5580000,0x00000000d56f4760,0x00000000d5700000)
  from space 512K, 95% used [0x00000000d5880000,0x00000000d58f9b28,0x00000000d5900000)
  to   space 1536K, 0% used [0x00000000d5700000,0x00000000d5700000,0x00000000d5880000)
 ParOldGen       total 211968K, used 158135K [0x0000000080000000, 0x000000008cf00000, 0x00000000d5580000)
  object space 211968K, 74% used [0x0000000080000000,0x0000000089a6ddd0,0x000000008cf00000)
 Metaspace       used 75307K, committed 76800K, reserved 1179648K
  class space    used 7682K, committed 8320K, reserved 1048576K
}
Event: 36645.287 GC heap after
{Heap after GC invocations=481 (full 4):
 PSYoungGen      total 3072K, used 1155K [0x00000000d5580000, 0x00000000d5a00000, 0x0000000100000000)
  eden space 1536K, 0% used [0x00000000d5580000,0x00000000d5580000,0x00000000d5700000)
  from space 1536K, 75% used [0x00000000d5700000,0x00000000d5820c38,0x00000000d5880000)
  to   space 1536K, 0% used [0x00000000d5880000,0x00000000d5880000,0x00000000d5a00000)
 ParOldGen       total 211968K, used 158636K [0x0000000080000000, 0x000000008cf00000, 0x00000000d5580000)
  object space 211968K, 74% used [0x0000000080000000,0x0000000089aeb360,0x000000008cf00000)
 Metaspace       used 75307K, committed 76800K, reserved 1179648K
  class space    used 7682K, committed 8320K, reserved 1048576K
}
Event: 36645.453 GC heap before
{Heap before GC invocations=482 (full 4):
 PSYoungGen      total 3072K, used 2691K [0x00000000d5580000, 0x00000000d5a00000, 0x0000000100000000)
  eden space 1536K, 100% used [0x00000000d5580000,0x00000000d5700000,0x00000000d5700000)
  from space 1536K, 75% used [0x00000000d5700000,0x00000000d5820c38,0x00000000d5880000)
  to   space 1536K, 0% used [0x00000000d5880000,0x00000000d5880000,0x00000000d5a00000)
 ParOldGen       total 211968K, used 158636K [0x0000000080000000, 0x000000008cf00000, 0x00000000d5580000)
  object space 211968K, 74% used [0x0000000080000000,0x0000000089aeb360,0x000000008cf00000)
 Metaspace       used 75307K, committed 76800K, reserved 1179648K
  class space    used 7682K, committed 8320K, reserved 1048576K
}
Event: 36645.467 GC heap after
{Heap after GC invocations=482 (full 4):
 PSYoungGen      total 3072K, used 1372K [0x00000000d5580000, 0x00000000d5a00000, 0x0000000100000000)
  eden space 1536K, 0% used [0x00000000d5580000,0x00000000d5580000,0x00000000d5700000)
  from space 1536K, 89% used [0x00000000d5880000,0x00000000d59d72b8,0x00000000d5a00000)
  to   space 1536K, 0% used [0x00000000d5700000,0x00000000d5700000,0x00000000d5880000)
 ParOldGen       total 211968K, used 159767K [0x0000000080000000, 0x000000008cf00000, 0x00000000d5580000)
  object space 211968K, 75% used [0x0000000080000000,0x0000000089c05e70,0x000000008cf00000)
 Metaspace       used 75307K, committed 76800K, reserved 1179648K
  class space    used 7682K, committed 8320K, reserved 1048576K
}
Event: 36645.589 GC heap before
{Heap before GC invocations=483 (full 4):
 PSYoungGen      total 3072K, used 2856K [0x00000000d5580000, 0x00000000d5a00000, 0x0000000100000000)
  eden space 1536K, 96% used [0x00000000d5580000,0x00000000d56f3110,0x00000000d5700000)
  from space 1536K, 89% used [0x00000000d5880000,0x00000000d59d72b8,0x00000000d5a00000)
  to   space 1536K, 0% used [0x00000000d5700000,0x00000000d5700000,0x00000000d5880000)
 ParOldGen       total 211968K, used 159767K [0x0000000080000000, 0x000000008cf00000, 0x00000000d5580000)
  object space 211968K, 75% used [0x0000000080000000,0x0000000089c05e70,0x000000008cf00000)
 Metaspace       used 75307K, committed 76800K, reserved 1179648K
  class space    used 7682K, committed 8320K, reserved 1048576K
}
Event: 36645.598 GC heap after
{Heap after GC invocations=483 (full 4):
 PSYoungGen      total 3072K, used 1168K [0x00000000d5580000, 0x00000000d5a00000, 0x0000000100000000)
  eden space 1536K, 0% used [0x00000000d5580000,0x00000000d5580000,0x00000000d5700000)
  from space 1536K, 76% used [0x00000000d5700000,0x00000000d5824210,0x00000000d5880000)
  to   space 1536K, 0% used [0x00000000d5880000,0x00000000d5880000,0x00000000d5a00000)
 ParOldGen       total 211968K, used 161112K [0x0000000080000000, 0x000000008cf00000, 0x00000000d5580000)
  object space 211968K, 76% used [0x0000000080000000,0x0000000089d56110,0x000000008cf00000)
 Metaspace       used 75307K, committed 76800K, reserved 1179648K
  class space    used 7682K, committed 8320K, reserved 1048576K
}
Event: 36645.819 GC heap before
{Heap before GC invocations=484 (full 4):
 PSYoungGen      total 3072K, used 2675K [0x00000000d5580000, 0x00000000d5a00000, 0x0000000100000000)
  eden space 1536K, 98% used [0x00000000d5580000,0x00000000d56f8a90,0x00000000d5700000)
  from space 1536K, 76% used [0x00000000d5700000,0x00000000d5824210,0x00000000d5880000)
  to   space 1536K, 0% used [0x00000000d5880000,0x00000000d5880000,0x00000000d5a00000)
 ParOldGen       total 211968K, used 161112K [0x0000000080000000, 0x000000008cf00000, 0x00000000d5580000)
  object space 211968K, 76% used [0x0000000080000000,0x0000000089d56110,0x000000008cf00000)
 Metaspace       used 75307K, committed 76800K, reserved 1179648K
  class space    used 7682K, committed 8320K, reserved 1048576K
}
Event: 36645.826 GC heap after
{Heap after GC invocations=484 (full 4):
 PSYoungGen      total 3072K, used 1192K [0x00000000d5580000, 0x00000000d5a00000, 0x0000000100000000)
  eden space 1536K, 0% used [0x00000000d5580000,0x00000000d5580000,0x00000000d5700000)
  from space 1536K, 77% used [0x00000000d5880000,0x00000000d59aa1f8,0x00000000d5a00000)
  to   space 1536K, 0% used [0x00000000d5700000,0x00000000d5700000,0x00000000d5880000)
 ParOldGen       total 211968K, used 162248K [0x0000000080000000, 0x000000008cf00000, 0x00000000d5580000)
  object space 211968K, 76% used [0x0000000080000000,0x0000000089e72228,0x000000008cf00000)
 Metaspace       used 75307K, committed 76800K, reserved 1179648K
  class space    used 7682K, committed 8320K, reserved 1048576K
}
Event: 36646.076 GC heap before
{Heap before GC invocations=485 (full 4):
 PSYoungGen      total 3072K, used 2728K [0x00000000d5580000, 0x00000000d5a00000, 0x0000000100000000)
  eden space 1536K, 100% used [0x00000000d5580000,0x00000000d5700000,0x00000000d5700000)
  from space 1536K, 77% used [0x00000000d5880000,0x00000000d59aa1f8,0x00000000d5a00000)
  to   space 1536K, 0% used [0x00000000d5700000,0x00000000d5700000,0x00000000d5880000)
 ParOldGen       total 211968K, used 162248K [0x0000000080000000, 0x000000008cf00000, 0x00000000d5580000)
  object space 211968K, 76% used [0x0000000080000000,0x0000000089e72228,0x000000008cf00000)
 Metaspace       used 75307K, committed 76800K, reserved 1179648K
  class space    used 7682K, committed 8320K, reserved 1048576K
}
Event: 36646.084 GC heap after
{Heap after GC invocations=485 (full 4):
 PSYoungGen      total 3072K, used 1237K [0x00000000d5580000, 0x00000000d5a00000, 0x0000000100000000)
  eden space 1536K, 0% used [0x00000000d5580000,0x00000000d5580000,0x00000000d5700000)
  from space 1536K, 80% used [0x00000000d5700000,0x00000000d5835600,0x00000000d5880000)
  to   space 1536K, 0% used [0x00000000d5880000,0x00000000d5880000,0x00000000d5a00000)
 ParOldGen       total 211968K, used 163401K [0x0000000080000000, 0x000000008cf00000, 0x00000000d5580000)
  object space 211968K, 77% used [0x0000000080000000,0x0000000089f925b8,0x000000008cf00000)
 Metaspace       used 75307K, committed 76800K, reserved 1179648K
  class space    used 7682K, committed 8320K, reserved 1048576K
}
Event: 36649.611 GC heap before
{Heap before GC invocations=486 (full 4):
 PSYoungGen      total 3072K, used 2773K [0x00000000d5580000, 0x00000000d5a00000, 0x0000000100000000)
  eden space 1536K, 100% used [0x00000000d5580000,0x00000000d5700000,0x00000000d5700000)
  from space 1536K, 80% used [0x00000000d5700000,0x00000000d5835600,0x00000000d5880000)
  to   space 1536K, 0% used [0x00000000d5880000,0x00000000d5880000,0x00000000d5a00000)
 ParOldGen       total 211968K, used 163401K [0x0000000080000000, 0x000000008cf00000, 0x00000000d5580000)
  object space 211968K, 77% used [0x0000000080000000,0x0000000089f925b8,0x000000008cf00000)
 Metaspace       used 75381K, committed 76864K, reserved 1179648K
  class space    used 7702K, committed 8320K, reserved 1048576K
}
Event: 36649.620 GC heap after
{Heap after GC invocations=486 (full 4):
 PSYoungGen      total 2560K, used 803K [0x00000000d5580000, 0x00000000d5980000, 0x0000000100000000)
  eden space 1536K, 0% used [0x00000000d5580000,0x00000000d5580000,0x00000000d5700000)
  from space 1024K, 78% used [0x00000000d5880000,0x00000000d5948ea8,0x00000000d5980000)
  to   space 1024K, 0% used [0x00000000d5780000,0x00000000d5780000,0x00000000d5880000)
 ParOldGen       total 211968K, used 164587K [0x0000000080000000, 0x000000008cf00000, 0x00000000d5580000)
  object space 211968K, 77% used [0x0000000080000000,0x000000008a0bad50,0x000000008cf00000)
 Metaspace       used 75381K, committed 76864K, reserved 1179648K
  class space    used 7702K, committed 8320K, reserved 1048576K
}
Event: 52634.693 GC heap before
{Heap before GC invocations=487 (full 4):
 PSYoungGen      total 2560K, used 2339K [0x00000000d5580000, 0x00000000d5980000, 0x0000000100000000)
  eden space 1536K, 100% used [0x00000000d5580000,0x00000000d5700000,0x00000000d5700000)
  from space 1024K, 78% used [0x00000000d5880000,0x00000000d5948ea8,0x00000000d5980000)
  to   space 1024K, 0% used [0x00000000d5780000,0x00000000d5780000,0x00000000d5880000)
 ParOldGen       total 211968K, used 164587K [0x0000000080000000, 0x000000008cf00000, 0x00000000d5580000)
  object space 211968K, 77% used [0x0000000080000000,0x000000008a0bad50,0x000000008cf00000)
 Metaspace       used 75397K, committed 76864K, reserved 1179648K
  class space    used 7702K, committed 8320K, reserved 1048576K
}
Event: 52634.950 GC heap after
{Heap after GC invocations=487 (full 4):
 PSYoungGen      total 2048K, used 320K [0x00000000d5580000, 0x00000000d5900000, 0x0000000100000000)
  eden space 1536K, 0% used [0x00000000d5580000,0x00000000d5580000,0x00000000d5700000)
  from space 512K, 62% used [0x00000000d5780000,0x00000000d57d0000,0x00000000d5800000)
  to   space 1024K, 0% used [0x00000000d5800000,0x00000000d5800000,0x00000000d5900000)
 ParOldGen       total 211968K, used 165171K [0x0000000080000000, 0x000000008cf00000, 0x00000000d5580000)
  object space 211968K, 77% used [0x0000000080000000,0x000000008a14cd50,0x000000008cf00000)
 Metaspace       used 75397K, committed 76864K, reserved 1179648K
  class space    used 7702K, committed 8320K, reserved 1048576K
}

