# JRE version: Java(TM) SE Runtime Environment (17.0.7+8) (build 17.0.7+8-LTS-224)
# Java VM: Java HotSpot(TM) 64-Bit Server VM (17.0.7+8-LTS-224, mixed mode, sharing, tiered, compressed oops, compressed class ptrs, g1 gc, windows-amd64)
GC Precious Log:
 CPUs: 4 total, 4 available
 Memory: 8070M
 Large Page Support: Disabled
 NUMA Support: Disabled
 Compressed Oops: Enabled (32-bit)
 Heap Region Size: 1M
 Heap Min Capacity: 8M
 Heap Initial Capacity: 128M
 Heap Max Capacity: 2018M
 Pre-touch: Disabled
 Parallel Workers: 4
 Concurrent Workers: 1
 Concurrent Refinement Workers: 4
 Periodic GC: Disabled
Heap:
 garbage-first heap   total 101376K, used 56683K [0x0000000081e00000, 0x0000000100000000)
  region size 1024K, 9 young (9216K), 4 survivors (4096K)
 Metaspace       used 25969K, committed 26304K, reserved 1073152K
  class space    used 2966K, committed 3136K, reserved 1048576K
GC Heap History (18 events):
Event: 17.498 GC heap before
{Heap before GC invocations=0 (full 0):
 garbage-first heap   total 131072K, used 13312K [0x0000000081e00000, 0x0000000100000000)
  region size 1024K, 13 young (13312K), 0 survivors (0K)
 Metaspace       used 3816K, committed 3904K, reserved 1056768K
  class space    used 413K, committed 448K, reserved 1048576K
}
Event: 17.503 GC heap after
{Heap after GC invocations=1 (full 0):
 garbage-first heap   total 131072K, used 3247K [0x0000000081e00000, 0x0000000100000000)
  region size 1024K, 2 young (2048K), 2 survivors (2048K)
 Metaspace       used 3816K, committed 3904K, reserved 1056768K
  class space    used 413K, committed 448K, reserved 1048576K
}
Event: 18.601 GC heap before
{Heap before GC invocations=1 (full 0):
 garbage-first heap   total 131072K, used 15535K [0x0000000081e00000, 0x0000000100000000)
  region size 1024K, 14 young (14336K), 2 survivors (2048K)
 Metaspace       used 5667K, committed 5824K, reserved 1056768K
  class space    used 688K, committed 768K, reserved 1048576K
}
Event: 18.606 GC heap after
{Heap after GC invocations=2 (full 0):
 garbage-first heap   total 131072K, used 4127K [0x0000000081e00000, 0x0000000100000000)
  region size 1024K, 1 young (1024K), 1 survivors (1024K)
 Metaspace       used 5667K, committed 5824K, reserved 1056768K
  class space    used 688K, committed 768K, reserved 1048576K
}
Event: 22.748 GC heap before
{Heap before GC invocations=2 (full 0):
 garbage-first heap   total 131072K, used 33823K [0x0000000081e00000, 0x0000000100000000)
  region size 1024K, 30 young (30720K), 1 survivors (1024K)
 Metaspace       used 10644K, committed 10816K, reserved 1064960K
  class space    used 1306K, committed 1408K, reserved 1048576K
}
Event: 22.759 GC heap after
{Heap after GC invocations=3 (full 0):
 garbage-first heap   total 131072K, used 5889K [0x0000000081e00000, 0x0000000100000000)
  region size 1024K, 3 young (3072K), 3 survivors (3072K)
 Metaspace       used 10644K, committed 10816K, reserved 1064960K
  class space    used 1306K, committed 1408K, reserved 1048576K
}
Event: 30.632 GC heap before
{Heap before GC invocations=3 (full 0):
 garbage-first heap   total 131072K, used 80641K [0x0000000081e00000, 0x0000000100000000)
  region size 1024K, 76 young (77824K), 3 survivors (3072K)
 Metaspace       used 15328K, committed 15552K, reserved 1064960K
  class space    used 1799K, committed 1920K, reserved 1048576K
}
Event: 30.649 GC heap after
{Heap after GC invocations=4 (full 0):
 garbage-first heap   total 131072K, used 13617K [0x0000000081e00000, 0x0000000100000000)
  region size 1024K, 10 young (10240K), 10 survivors (10240K)
 Metaspace       used 15328K, committed 15552K, reserved 1064960K
  class space    used 1799K, committed 1920K, reserved 1048576K
}
Event: 34.682 GC heap before
{Heap before GC invocations=4 (full 0):
 garbage-first heap   total 131072K, used 83249K [0x0000000081e00000, 0x0000000100000000)
  region size 1024K, 76 young (77824K), 10 survivors (10240K)
 Metaspace       used 19223K, committed 19520K, reserved 1073152K
  class space    used 2205K, committed 2368K, reserved 1048576K
}
Event: 34.703 GC heap after
{Heap after GC invocations=5 (full 0):
 garbage-first heap   total 131072K, used 21280K [0x0000000081e00000, 0x0000000100000000)
  region size 1024K, 7 young (7168K), 7 survivors (7168K)
 Metaspace       used 19223K, committed 19520K, reserved 1073152K
  class space    used 2205K, committed 2368K, reserved 1048576K
}
Event: 34.968 GC heap before
{Heap before GC invocations=5 (full 0):
 garbage-first heap   total 131072K, used 29472K [0x0000000081e00000, 0x0000000100000000)
  region size 1024K, 14 young (14336K), 7 survivors (7168K)
 Metaspace       used 21267K, committed 21504K, reserved 1073152K
  class space    used 2500K, committed 2624K, reserved 1048576K
}
Event: 34.981 GC heap after
{Heap after GC invocations=6 (full 0):
 garbage-first heap   total 131072K, used 25883K [0x0000000081e00000, 0x0000000100000000)
  region size 1024K, 5 young (5120K), 5 survivors (5120K)
 Metaspace       used 21267K, committed 21504K, reserved 1073152K
  class space    used 2500K, committed 2624K, reserved 1048576K
}
Event: 38.510 GC heap before
{Heap before GC invocations=7 (full 0):
 garbage-first heap   total 92160K, used 77083K [0x0000000081e00000, 0x0000000100000000)
  region size 1024K, 54 young (55296K), 5 survivors (5120K)
 Metaspace       used 25137K, committed 25536K, reserved 1073152K
  class space    used 2888K, committed 3072K, reserved 1048576K
}
Event: 38.543 GC heap after
{Heap after GC invocations=8 (full 0):
 garbage-first heap   total 101376K, used 45760K [0x0000000081e00000, 0x0000000100000000)
  region size 1024K, 7 young (7168K), 7 survivors (7168K)
 Metaspace       used 25137K, committed 25536K, reserved 1073152K
  class space    used 2888K, committed 3072K, reserved 1048576K
}
Event: 38.589 GC heap before
{Heap before GC invocations=8 (full 0):
 garbage-first heap   total 101376K, used 46784K [0x0000000081e00000, 0x0000000100000000)
  region size 1024K, 8 young (8192K), 7 survivors (7168K)
 Metaspace       used 25138K, committed 25536K, reserved 1073152K
  class space    used 2888K, committed 3072K, reserved 1048576K
}
Event: 38.600 GC heap after
{Heap after GC invocations=9 (full 0):
 garbage-first heap   total 101376K, used 47467K [0x0000000081e00000, 0x0000000100000000)
  region size 1024K, 1 young (1024K), 1 survivors (1024K)
 Metaspace       used 25138K, committed 25536K, reserved 1073152K
  class space    used 2888K, committed 3072K, reserved 1048576K
}
Event: 41.038 GC heap before
{Heap before GC invocations=9 (full 0):
 garbage-first heap   total 101376K, used 67947K [0x0000000081e00000, 0x0000000100000000)
  region size 1024K, 23 young (23552K), 1 survivors (1024K)
 Metaspace       used 25888K, committed 26240K, reserved 1073152K
  class space    used 2952K, committed 3136K, reserved 1048576K
}
Event: 41.049 GC heap after
{Heap after GC invocations=10 (full 0):
 garbage-first heap   total 101376K, used 51563K [0x0000000081e00000, 0x0000000100000000)
  region size 1024K, 4 young (4096K), 4 survivors (4096K)
 Metaspace       used 25888K, committed 26240K, reserved 1073152K
  class space    used 2952K, committed 3136K, reserved 1048576K
}

